app/build/outputs/logs/manifest-merger-debug-report.txt
-- Merging decision tree log ---
manifest
ADDED from AndroidManifest.xml:14:1
	package
		ADDED from AndroidManifest.xml:15:5
		INJECTED from AndroidManifest.xml:0:0
		INJECTED from AndroidManifest.xml:0:0
	android:versionName
		ADDED from AndroidManifest.xml:17:5
	android:versionCode
		ADDED from AndroidManifest.xml:16:5
		INJECTED from AndroidManifest.xml:0:0
		INJECTED from AndroidManifest.xml:0:0
	xmlns:android
		ADDED from AndroidManifest.xml:14:11
uses-sdk
ADDED from AndroidManifest.xml:19:5
MERGED from com.android.support:appcompat-v7:18.0.0:18:5
MERGED from com.braintreepayments.api:braintree:1.6.4:8:5
MERGED from com.braintreepayments:card-form:2.0.1:8:5
	android:targetSdkVersion
		ADDED from AndroidManifest.xml:21:9
		INJECTED from AndroidManifest.xml:0:0
		INJECTED from AndroidManifest.xml:0:0
	android:minSdkVersion
		ADDED from AndroidManifest.xml:20:9
		INJECTED from AndroidManifest.xml:0:0
		INJECTED from AndroidManifest.xml:0:0
uses-permission#android.permission.WAKE_LOCK
ADDED from AndroidManifest.xml:23:5
	android:name
		ADDED from AndroidManifest.xml:23:22
uses-permission#android.permission.VIBRATE
ADDED from AndroidManifest.xml:24:5
	android:name
		ADDED from AndroidManifest.xml:24:22
uses-permission#android.permission.RECEIVE_BOOT_COMPLETED
ADDED from AndroidManifest.xml:25:5
	android:name
		ADDED from AndroidManifest.xml:25:22
uses-permission#android.permission.READ_PHONE_STATE
ADDED from AndroidManifest.xml:26:5
	android:name
		ADDED from AndroidManifest.xml:26:22
uses-permission#android.permission.READ_EXTERNAL_STORAGE
ADDED from AndroidManifest.xml:27:5
	android:name
		ADDED from AndroidManifest.xml:27:22
uses-permission#android.permission.INTERNET
ADDED from AndroidManifest.xml:28:5
MERGED from com.braintreepayments.api:braintree:1.6.4:13:5
	android:name
		ADDED from AndroidManifest.xml:28:22
uses-permission#android.permission.READ_CONTACTS
ADDED from AndroidManifest.xml:29:5
	android:name
		ADDED from AndroidManifest.xml:29:22
android:uses-permission#android.permission.WRITE_EXTERNAL_STORAGE
ADDED from AndroidManifest.xml:31:5
	android:maxSdkVersion
		ADDED from AndroidManifest.xml:33:9
	android:name
		ADDED from AndroidManifest.xml:32:9
application
ADDED from AndroidManifest.xml:35:5
MERGED from com.android.support:appcompat-v7:18.0.0:19:5
MERGED from com.braintreepayments.api:braintree:1.6.4:15:5
	android:label
		ADDED from AndroidManifest.xml:38:9
	android:supportsRtl
		ADDED from com.braintreepayments.api:braintree:1.6.4:16:9
	tools:ignore
		ADDED from com.braintreepayments.api:braintree:1.6.4:17:9
	android:allowBackup
		ADDED from AndroidManifest.xml:36:9
	android:icon
		ADDED from AndroidManifest.xml:37:9
	android:theme
		ADDED from AndroidManifest.xml:39:9
activity#za.co.neilson.alarm.AlarmActivity
ADDED from AndroidManifest.xml:40:9
	android:label
		ADDED from AndroidManifest.xml:42:13
	android:name
		ADDED from AndroidManifest.xml:41:13
intent-filter#android.intent.action.MAIN+android.intent.category.LAUNCHER
ADDED from AndroidManifest.xml:43:13
action#android.intent.action.MAIN
ADDED from AndroidManifest.xml:44:17
	android:name
		ADDED from AndroidManifest.xml:44:25
category#android.intent.category.LAUNCHER
ADDED from AndroidManifest.xml:46:17
	android:name
		ADDED from AndroidManifest.xml:46:27
activity#za.co.neilson.alarm.preferences.AlarmPreferencesActivity
ADDED from AndroidManifest.xml:49:9
	android:label
		ADDED from AndroidManifest.xml:51:13
	android:parentActivityName
		ADDED from AndroidManifest.xml:52:13
	android:name
		ADDED from AndroidManifest.xml:50:13
meta-data#android.support.PARENT_ACTIVITY
ADDED from AndroidManifest.xml:55:13
	android:value
		ADDED from AndroidManifest.xml:57:17
	android:name
		ADDED from AndroidManifest.xml:56:17
service#za.co.neilson.alarm.service.AlarmService
ADDED from AndroidManifest.xml:60:9
	android:process
		ADDED from AndroidManifest.xml:64:13
	android:label
		ADDED from AndroidManifest.xml:63:13
	android:icon
		ADDED from AndroidManifest.xml:62:13
	android:name
		ADDED from AndroidManifest.xml:61:13
receiver#za.co.neilson.alarm.service.AlarmServiceBroadcastReciever
ADDED from AndroidManifest.xml:67:9
	android:name
		ADDED from AndroidManifest.xml:67:19
intent-filter#android.intent.action.BOOT_COMPLETED
ADDED from AndroidManifest.xml:68:13
action#android.intent.action.BOOT_COMPLETED
ADDED from AndroidManifest.xml:69:17
	android:name
		ADDED from AndroidManifest.xml:69:25
activity#za.co.neilson.alarm.alert.AlarmAlertActivity
ADDED from AndroidManifest.xml:73:9
	android:screenOrientation
		ADDED from AndroidManifest.xml:76:13
	android:label
		ADDED from AndroidManifest.xml:75:13
	android:name
		ADDED from AndroidManifest.xml:74:13
receiver#za.co.neilson.alarm.alert.AlarmAlertBroadcastReciever
ADDED from AndroidManifest.xml:79:9
	android:name
		ADDED from AndroidManifest.xml:79:19
receiver#za.co.neilson.alarm.telephony.PhoneStateChangedBroadcastReciever
ADDED from AndroidManifest.xml:81:9
	android:name
		ADDED from AndroidManifest.xml:81:19
intent-filter#android.intent.action.PHONE_STATE
ADDED from AndroidManifest.xml:82:13
action#android.intent.action.PHONE_STATE
ADDED from AndroidManifest.xml:83:17
	android:name
		ADDED from AndroidManifest.xml:83:25
uses-permission#android.permission.ACCESS_NETWORK_STATE
ADDED from com.braintreepayments.api:braintree:1.6.4:12:5
	android:name
		ADDED from com.braintreepayments.api:braintree:1.6.4:12:22
activity#com.braintreepayments.api.dropin.BraintreePaymentActivity
ADDED from com.braintreepayments.api:braintree:1.6.4:18:9
	android:name
		ADDED from com.braintreepayments.api:braintree:1.6.4:18:19
activity#com.braintreepayments.api.threedsecure.ThreeDSecureWebViewActivity
ADDED from com.braintreepayments.api:braintree:1.6.4:19:9
	android:name
		ADDED from com.braintreepayments.api:braintree:1.6.4:19:19
activity#com.paypal.android.sdk.payments.PayPalProfileSharingActivity
ADDED from com.braintreepayments.api:braintree:1.6.4:20:9
	android:name
		ADDED from com.braintreepayments.api:braintree:1.6.4:20:19
activity#com.paypal.android.sdk.payments.ProfileSharingConsentActivity
ADDED from com.braintreepayments.api:braintree:1.6.4:21:9
	android:name
		ADDED from com.braintreepayments.api:braintree:1.6.4:21:19
activity#com.paypal.android.sdk.payments.FuturePaymentInfoActivity
ADDED from com.braintreepayments.api:braintree:1.6.4:22:9
	android:name
		ADDED from com.braintreepayments.api:braintree:1.6.4:22:19
activity#com.paypal.android.sdk.payments.LoginActivity
ADDED from com.braintreepayments.api:braintree:1.6.4:23:9
	android:name
		ADDED from com.braintreepayments.api:braintree:1.6.4:23:19
activity#com.paypal.android.sdk.payments.PayPalTouchActivity
ADDED from com.braintreepayments.api:braintree:1.6.4:24:9
	android:theme
		ADDED from com.braintreepayments.api:braintree:1.6.4:26:13
	android:name
		ADDED from com.braintreepayments.api:braintree:1.6.4:25:13
service#com.paypal.android.sdk.payments.PayPalService
ADDED from com.braintreepayments.api:braintree:1.6.4:28:9
	android:exported
		ADDED from com.braintreepayments.api:braintree:1.6.4:30:13
	android:name
		ADDED from com.braintreepayments.api:braintree:1.6.4:29:13